<?xml version="1.0" encoding="UTF-8" ?>
<testsuite tests="35" failures="0" name="runner.RunItTest" time="0.016" errors="0" skipped="0">
  <properties>
[...]
</properties>
  <testcase classname="Scenario: Add to cart" name="Given browser is open" time="0.004"/>
  <testcase classname="Scenario: Add to cart" name="When user go to the flaconi page" time="0"/>
  <testcase classname="Scenario: Add to cart" name="And user click on the perfume category" time="0"/>
  <testcase classname="Scenario: Add to cart" name="And user click on the perfume" time="0"/>
  <testcase classname="Scenario: Add to cart" name="And user redirected to the perfume detail page" time="0"/>
  <testcase classname="Scenario: Add to cart" name="And user click on add to cart button" time="0"/>
  <testcase classname="Scenario: Add to cart" name="And perfume added to the cart successfully" time="0"/>
  <testcase classname="Scenario: Add to cart" name="Then user close the browser" time="0"/>
  <testcase classname="Scenario: Add to cart" name="Scenario: Add to cart" time="0.002"/>
  <testcase classname="Scenario: Product price validation" name="Given browser is open" time="0.001"/>
  <testcase classname="Scenario: Product price validation" name="When user go to the flaconi page" time="0"/>
  <testcase classname="Scenario: Product price validation" name="And user click on the perfume category" time="0"/>
  <testcase classname="Scenario: Product price validation" name="And user click on the perfume" time="0"/>
  <testcase classname="Scenario: Product price validation" name="And user redirected to the perfume detail page" time="0"/>
  <testcase classname="Scenario: Product price validation" name="And user click on add to cart button" time="0"/>
  <testcase classname="Scenario: Product price validation" name="And perfume added to the cart successfully" time="0"/>
  <testcase classname="Scenario: Product price validation" name="And user validate that price is correct displaying on cart" time="0.005"/>
  <testcase classname="Scenario: Product price validation" name="Then user close the browser" time="0"/>
  <testcase classname="Scenario: Product price validation" name="Scenario: Product price validation" time="0"/>
  <testcase classname="Scenario: Menu links verification" name="Given browser is open" time="0.001"/>
  <testcase classname="Scenario: Menu links verification" name="When user go to the flaconi page" time="0.002"/>
  <testcase classname="Scenario: Menu links verification" name="And user click on the BRANDS" time="0"/>
  <testcase classname="Scenario: Menu links verification" name="And user click on the PERFUME" time="0"/>
  <testcase classname="Scenario: Menu links verification" name="And user click on the MAINTAINANCE" time="0"/>
  <testcase classname="Scenario: Menu links verification" name="And user click on the MAKE UP" time="0"/>
  <testcase classname="Scenario: Menu links verification" name="And user click on the HAIR" time="0"/>
  <testcase classname="Scenario: Menu links verification" name="And user click on the NATURE" time="0"/>
  <testcase classname="Scenario: Menu links verification" name="And user click on the PREMIUM" time="0"/>
  <testcase classname="Scenario: Menu links verification" name="And user click on the DRUGSTORE" time="0"/>
  <testcase classname="Scenario: Menu links verification" name="And user click on the MEN" time="0"/>
  <testcase classname="Scenario: Menu links verification" name="And user click on the NEW" time="0"/>
  <testcase classname="Scenario: Menu links verification" name="And user click on the SALE" time="0"/>
  <testcase classname="Scenario: Menu links verification" name="And user click on the FREE" time="0"/>
  <testcase classname="Scenario: Menu links verification" name="Then user close the browser" time="0"/>
  <testcase classname="Scenario: Menu links verification" name="Scenario: Menu links verification" time="0.001"/>
</testsuite>